step: 100 train_accuracy: 0.875
step: 200 train_accuracy: 1.0
step: 300 train_accuracy: 1.0
step: 400 train_accuracy: 0.625
step: 500 train_accuracy: 1.0
step: 600 train_accuracy: 0.75
step: 700 train_accuracy: 1.0
step: 800 train_accuracy: 1.0
step: 900 train_accuracy: 0.875
step: 1000 train_accuracy: 0.625
step: 1100 train_accuracy: 0.75
step: 1200 train_accuracy: 1.0
step: 1300 train_accuracy: 0.75
step: 1400 train_accuracy: 0.875
step: 1500 train_accuracy: 1.0
step: 1600 train_accuracy: 1.0
step: 1700 train_accuracy: 1.0
step: 1800 train_accuracy: 0.875
step: 1900 train_accuracy: 0.875
step: 2000 train_accuracy: 1.0
step: 2100 train_accuracy: 0.875
step: 2200 train_accuracy: 0.75
step: 2300 train_accuracy: 1.0
step: 2400 train_accuracy: 1.0
step: 2500 train_accuracy: 1.0
step: 2600 train_accuracy: 1.0
step: 2700 train_accuracy: 1.0
step: 2800 train_accuracy: 1.0
step: 2900 train_accuracy: 1.0
step: 3000 train_accuracy: 1.0
step: 3100 train_accuracy: 1.0
step: 3200 train_accuracy: 1.0
step: 3300 train_accuracy: 1.0
step: 3400 train_accuracy: 1.0
step: 3500 train_accuracy: 1.0
step: 3600 train_accuracy: 1.0
step: 3700 train_accuracy: 1.0
step: 3800 train_accuracy: 1.0
step: 3900 train_accuracy: 1.0
step: 4000 train_accuracy: 1.0
step: 4100 train_accuracy: 1.0
step: 4200 train_accuracy: 1.0
step: 4300 train_accuracy: 1.0
step: 4400 train_accuracy: 1.0
step: 4500 train_accuracy: 1.0
step: 4600 train_accuracy: 1.0
step: 4700 train_accuracy: 1.0
step: 4800 train_accuracy: 1.0
step: 4900 train_accuracy: 1.0
step: 5000 train_accuracy: 1.0
step: 5100 train_accuracy: 1.0
step: 5200 train_accuracy: 1.0
step: 5300 train_accuracy: 1.0
step: 5400 train_accuracy: 1.0
step: 5500 train_accuracy: 1.0
step: 5600 train_accuracy: 1.0
step: 5700 train_accuracy: 1.0
step: 5800 train_accuracy: 1.0
step: 5900 train_accuracy: 1.0
step: 6000 train_accuracy: 1.0
step: 6100 train_accuracy: 1.0
step: 6200 train_accuracy: 1.0
step: 6300 train_accuracy: 1.0
step: 6400 train_accuracy: 1.0
step: 6500 train_accuracy: 1.0
step: 6600 train_accuracy: 1.0
step: 6700 train_accuracy: 1.0
step: 6800 train_accuracy: 1.0
step: 6900 train_accuracy: 1.0
step: 7000 train_accuracy: 1.0
step: 7100 train_accuracy: 1.0
step: 7200 train_accuracy: 1.0
step: 7300 train_accuracy: 1.0
step: 7400 train_accuracy: 1.0
step: 7500 train_accuracy: 1.0
step: 7600 train_accuracy: 1.0
step: 7700 train_accuracy: 1.0
step: 7800 train_accuracy: 1.0
step: 7900 train_accuracy: 1.0
step: 8000 train_accuracy: 1.0
step: 8100 train_accuracy: 1.0
step: 8200 train_accuracy: 1.0
step: 8300 train_accuracy: 1.0
step: 8400 train_accuracy: 1.0
step: 8500 train_accuracy: 1.0
step: 8600 train_accuracy: 1.0
step: 8700 train_accuracy: 1.0
step: 8800 train_accuracy: 1.0
step: 8900 train_accuracy: 1.0
step: 9000 train_accuracy: 1.0
step: 9100 train_accuracy: 1.0
step: 9200 train_accuracy: 1.0
step: 9300 train_accuracy: 1.0
step: 9400 train_accuracy: 1.0
step: 9500 train_accuracy: 1.0
step: 9600 train_accuracy: 1.0
step: 9700 train_accuracy: 0.125
step: 9800 train_accuracy: 0.125
step: 9900 train_accuracy: 0.125
step: 10000 train_accuracy: 0.75
step: 10100 train_accuracy: 0.0
step: 10200 train_accuracy: 0.125
step: 10300 train_accuracy: 0.25
step: 10400 train_accuracy: 0.25
step: 10500 train_accuracy: 0.25
step: 10600 train_accuracy: 0.375
step: 10700 train_accuracy: 0.25
step: 10800 train_accuracy: 0.25
step: 10900 train_accuracy: 0.25
step: 11000 train_accuracy: 0.625
step: 11100 train_accuracy: 0.25
step: 11200 train_accuracy: 0.375
step: 11300 train_accuracy: 0.375
step: 11400 train_accuracy: 0.5
step: 11500 train_accuracy: 0.5
step: 11600 train_accuracy: 0.125
step: 11700 train_accuracy: 0.0
step: 11800 train_accuracy: 0.375
step: 11900 train_accuracy: 0.125
step: 12000 train_accuracy: 0.25
step: 12100 train_accuracy: 0.25
step: 12200 train_accuracy: 0.25
step: 12300 train_accuracy: 0.125
step: 12400 train_accuracy: 0.375
step: 12500 train_accuracy: 0.25
step: 12600 train_accuracy: 0.125
step: 12700 train_accuracy: 0.375
step: 12800 train_accuracy: 0.25
step: 12900 train_accuracy: 0.5
step: 13000 train_accuracy: 0.125
step: 13100 train_accuracy: 0.25
step: 13200 train_accuracy: 0.75
step: 13300 train_accuracy: 0.75
step: 13400 train_accuracy: 0.75
step: 13500 train_accuracy: 0.75
step: 13600 train_accuracy: 0.125
step: 13700 train_accuracy: 0.75
step: 13800 train_accuracy: 0.375
step: 13900 train_accuracy: 0.375
step: 14000 train_accuracy: 0.25
step: 14100 train_accuracy: 0.375
step: 14200 train_accuracy: 0.125
step: 14300 train_accuracy: 0.25
step: 14400 train_accuracy: 0.25
step: 14500 train_accuracy: 0.5
step: 14600 train_accuracy: 0.5
step: 14700 train_accuracy: 0.875
step: 14800 train_accuracy: 0.75
step: 14900 train_accuracy: 1.0
step: 15000 train_accuracy: 1.0
step: 15100 train_accuracy: 0.875
step: 15200 train_accuracy: 0.875
step: 15300 train_accuracy: 0.875
step: 15400 train_accuracy: 1.0
step: 15500 train_accuracy: 0.625
step: 15600 train_accuracy: 0.75
step: 15700 train_accuracy: 0.875
step: 15800 train_accuracy: 0.875
step: 15900 train_accuracy: 1.0
step: 16000 train_accuracy: 1.0
step: 16100 train_accuracy: 1.0
step: 16200 train_accuracy: 1.0
step: 16300 train_accuracy: 0.875
step: 16400 train_accuracy: 0.875
step: 16500 train_accuracy: 1.0
step: 16600 train_accuracy: 1.0
step: 16700 train_accuracy: 1.0
step: 16800 train_accuracy: 1.0
step: 16900 train_accuracy: 1.0
step: 17000 train_accuracy: 1.0
step: 17100 train_accuracy: 1.0
step: 17200 train_accuracy: 1.0
step: 17300 train_accuracy: 0.875
step: 17400 train_accuracy: 1.0
step: 17500 train_accuracy: 1.0
step: 17600 train_accuracy: 1.0
step: 17700 train_accuracy: 1.0
step: 17800 train_accuracy: 1.0
step: 17900 train_accuracy: 1.0
step: 18000 train_accuracy: 1.0
step: 18100 train_accuracy: 0.875
step: 18200 train_accuracy: 1.0
step: 18300 train_accuracy: 0.875
step: 18400 train_accuracy: 1.0
step: 18500 train_accuracy: 0.75
step: 18600 train_accuracy: 1.0
step: 18700 train_accuracy: 1.0
step: 18800 train_accuracy: 1.0
step: 18900 train_accuracy: 1.0
step: 19000 train_accuracy: 1.0
step: 19100 train_accuracy: 1.0
step: 19200 train_accuracy: 1.0
step: 19300 train_accuracy: 1.0
step: 19400 train_accuracy: 1.0
step: 19500 train_accuracy: 1.0
step: 19600 train_accuracy: 1.0
step: 19700 train_accuracy: 1.0
step: 19800 train_accuracy: 1.0
step: 19900 train_accuracy: 1.0
step: 20000 train_accuracy: 1.0
step: 20100 train_accuracy: 1.0
step: 20200 train_accuracy: 1.0
step: 20300 train_accuracy: 1.0
step: 20400 train_accuracy: 1.0
step: 20500 train_accuracy: 1.0
step: 20600 train_accuracy: 1.0
step: 20700 train_accuracy: 1.0
step: 20800 train_accuracy: 1.0
step: 20900 train_accuracy: 1.0
step: 21000 train_accuracy: 1.0
step: 21100 train_accuracy: 1.0
step: 21200 train_accuracy: 1.0
step: 21300 train_accuracy: 1.0
step: 21400 train_accuracy: 1.0
step: 21500 train_accuracy: 1.0
step: 21600 train_accuracy: 1.0
step: 21700 train_accuracy: 1.0
step: 21800 train_accuracy: 1.0
step: 21900 train_accuracy: 1.0
step: 22000 train_accuracy: 1.0
step: 22100 train_accuracy: 1.0
step: 22200 train_accuracy: 1.0
step: 22300 train_accuracy: 1.0
step: 22400 train_accuracy: 1.0
step: 22500 train_accuracy: 1.0
step: 22600 train_accuracy: 1.0
step: 22700 train_accuracy: 1.0
step: 22800 train_accuracy: 1.0
step: 22900 train_accuracy: 1.0
step: 23000 train_accuracy: 1.0
step: 23100 train_accuracy: 1.0
step: 23200 train_accuracy: 1.0
step: 23300 train_accuracy: 1.0
step: 23400 train_accuracy: 1.0
step: 23500 train_accuracy: 1.0
step: 23600 train_accuracy: 1.0
step: 23700 train_accuracy: 1.0
step: 23800 train_accuracy: 1.0
step: 23900 train_accuracy: 1.0
step: 24000 train_accuracy: 1.0
step: 24100 train_accuracy: 1.0
step: 24200 train_accuracy: 1.0
step: 24300 train_accuracy: 1.0
step: 24400 train_accuracy: 1.0
step: 24500 train_accuracy: 1.0
step: 24600 train_accuracy: 1.0
step: 24700 train_accuracy: 1.0
step: 24800 train_accuracy: 1.0
step: 24900 train_accuracy: 1.0
step: 25000 train_accuracy: 1.0
step: 25100 train_accuracy: 1.0
step: 25200 train_accuracy: 1.0
step: 25300 train_accuracy: 1.0
step: 25400 train_accuracy: 1.0
step: 25500 train_accuracy: 1.0
step: 25600 train_accuracy: 1.0
step: 25700 train_accuracy: 1.0
step: 25800 train_accuracy: 1.0
step: 25900 train_accuracy: 1.0
step: 26000 train_accuracy: 1.0
step: 26100 train_accuracy: 1.0
step: 26200 train_accuracy: 1.0
step: 26300 train_accuracy: 1.0
step: 26400 train_accuracy: 1.0
step: 26500 train_accuracy: 1.0
step: 26600 train_accuracy: 1.0
step: 26700 train_accuracy: 1.0
step: 26800 train_accuracy: 1.0
step: 26900 train_accuracy: 1.0
step: 27000 train_accuracy: 1.0
step: 27100 train_accuracy: 1.0
step: 27200 train_accuracy: 1.0
step: 27300 train_accuracy: 1.0
step: 27400 train_accuracy: 0.625
step: 27500 train_accuracy: 0.25
step: 27600 train_accuracy: 0.625
step: 27700 train_accuracy: 0.5
step: 27800 train_accuracy: 0.25
step: 27900 train_accuracy: 0.375
step: 28000 train_accuracy: 0.625
step: 28100 train_accuracy: 0.125
step: 28200 train_accuracy: 0.875
step: 28300 train_accuracy: 0.5
step: 28400 train_accuracy: 1.0
step: 28500 train_accuracy: 0.875
step: 28600 train_accuracy: 1.0
step: 28700 train_accuracy: 0.875
step: 28800 train_accuracy: 1.0
step: 28900 train_accuracy: 1.0
step: 29000 train_accuracy: 1.0
step: 29100 train_accuracy: 1.0
step: 29200 train_accuracy: 1.0
step: 29300 train_accuracy: 0.875
step: 29400 train_accuracy: 1.0
step: 29500 train_accuracy: 1.0
step: 29600 train_accuracy: 1.0
step: 29700 train_accuracy: 0.75
step: 29800 train_accuracy: 1.0
step: 29900 train_accuracy: 1.0
step: 30000 train_accuracy: 1.0
step: 30100 train_accuracy: 1.0
step: 30200 train_accuracy: 1.0
step: 30300 train_accuracy: 1.0
step: 30400 train_accuracy: 1.0
step: 30500 train_accuracy: 0.875
step: 30600 train_accuracy: 1.0
step: 30700 train_accuracy: 1.0
step: 30800 train_accuracy: 1.0
step: 30900 train_accuracy: 1.0
step: 31000 train_accuracy: 1.0
step: 31100 train_accuracy: 1.0
step: 31200 train_accuracy: 1.0
step: 31300 train_accuracy: 1.0
step: 31400 train_accuracy: 1.0
step: 31500 train_accuracy: 1.0
step: 31600 train_accuracy: 1.0
step: 31700 train_accuracy: 1.0
step: 31800 train_accuracy: 1.0
step: 31900 train_accuracy: 1.0
step: 32000 train_accuracy: 1.0
step: 32100 train_accuracy: 1.0
step: 32200 train_accuracy: 1.0
step: 32300 train_accuracy: 1.0
step: 32400 train_accuracy: 1.0
step: 32500 train_accuracy: 1.0
step: 32600 train_accuracy: 1.0
step: 32700 train_accuracy: 1.0
step: 32800 train_accuracy: 1.0
step: 32900 train_accuracy: 1.0
step: 33000 train_accuracy: 1.0
step: 33100 train_accuracy: 1.0
step: 33200 train_accuracy: 1.0
step: 33300 train_accuracy: 1.0
step: 33400 train_accuracy: 1.0
step: 33500 train_accuracy: 1.0
step: 33600 train_accuracy: 1.0
step: 33700 train_accuracy: 1.0
step: 33800 train_accuracy: 1.0
step: 33900 train_accuracy: 1.0
step: 34000 train_accuracy: 1.0
step: 34100 train_accuracy: 1.0
step: 34200 train_accuracy: 1.0
step: 34300 train_accuracy: 1.0
step: 34400 train_accuracy: 1.0
step: 34500 train_accuracy: 1.0
step: 34600 train_accuracy: 1.0
step: 34700 train_accuracy: 1.0
step: 34800 train_accuracy: 1.0
step: 34900 train_accuracy: 1.0
step: 35000 train_accuracy: 1.0
step: 35100 train_accuracy: 1.0
step: 35200 train_accuracy: 1.0
step: 35300 train_accuracy: 1.0
step: 35400 train_accuracy: 1.0
step: 35500 train_accuracy: 1.0
step: 35600 train_accuracy: 1.0
step: 35700 train_accuracy: 1.0
step: 35800 train_accuracy: 1.0
step: 35900 train_accuracy: 1.0
step: 36000 train_accuracy: 1.0
step: 36100 train_accuracy: 1.0
step: 36200 train_accuracy: 1.0
step: 36300 train_accuracy: 1.0
step: 36400 train_accuracy: 1.0
step: 36500 train_accuracy: 1.0
step: 36600 train_accuracy: 1.0
step: 36700 train_accuracy: 1.0
step: 36800 train_accuracy: 1.0
step: 36900 train_accuracy: 1.0
step: 37000 train_accuracy: 1.0
step: 37100 train_accuracy: 1.0
step: 37200 train_accuracy: 1.0
step: 37300 train_accuracy: 1.0
step: 37400 train_accuracy: 1.0
step: 37500 train_accuracy: 1.0
step: 37600 train_accuracy: 1.0
step: 37700 train_accuracy: 1.0
step: 37800 train_accuracy: 1.0
step: 37900 train_accuracy: 1.0
step: 38000 train_accuracy: 1.0
step: 38100 train_accuracy: 1.0
step: 38200 train_accuracy: 1.0
step: 38300 train_accuracy: 1.0
step: 38400 train_accuracy: 1.0
step: 38500 train_accuracy: 1.0
step: 38600 train_accuracy: 1.0
step: 38700 train_accuracy: 1.0
step: 38800 train_accuracy: 1.0
step: 38900 train_accuracy: 1.0
step: 39000 train_accuracy: 1.0
step: 39100 train_accuracy: 1.0
step: 39200 train_accuracy: 1.0
step: 39300 train_accuracy: 1.0
step: 39400 train_accuracy: 1.0
step: 39500 train_accuracy: 1.0
step: 39600 train_accuracy: 0.75
step: 39700 train_accuracy: 0.75
step: 39800 train_accuracy: 0.25
step: 39900 train_accuracy: 0.125
step: 40000 train_accuracy: 0.0
step: 40100 train_accuracy: 0.0
step: 40200 train_accuracy: 0.25
step: 40300 train_accuracy: 0.75
step: 40400 train_accuracy: 0.75
step: 40500 train_accuracy: 0.75
step: 40600 train_accuracy: 0.625
step: 40700 train_accuracy: 0.875
step: 40800 train_accuracy: 1.0
step: 40900 train_accuracy: 0.75
step: 41000 train_accuracy: 0.875
step: 41100 train_accuracy: 0.75
step: 41200 train_accuracy: 1.0
step: 41300 train_accuracy: 0.875
step: 41400 train_accuracy: 0.875
step: 41500 train_accuracy: 0.875
step: 41600 train_accuracy: 1.0
step: 41700 train_accuracy: 0.75
step: 41800 train_accuracy: 1.0
step: 41900 train_accuracy: 0.875
step: 42000 train_accuracy: 1.0
step: 42100 train_accuracy: 1.0
step: 42200 train_accuracy: 0.875
step: 42300 train_accuracy: 0.875
step: 42400 train_accuracy: 1.0
step: 42500 train_accuracy: 1.0
step: 42600 train_accuracy: 1.0
step: 42700 train_accuracy: 1.0
step: 42800 train_accuracy: 0.875
step: 42900 train_accuracy: 0.875
step: 43000 train_accuracy: 1.0
step: 43100 train_accuracy: 1.0
step: 43200 train_accuracy: 1.0
step: 43300 train_accuracy: 1.0
step: 43400 train_accuracy: 1.0
step: 43500 train_accuracy: 1.0
step: 43600 train_accuracy: 1.0
step: 43700 train_accuracy: 1.0
step: 43800 train_accuracy: 1.0
step: 43900 train_accuracy: 1.0
step: 44000 train_accuracy: 1.0
step: 44100 train_accuracy: 1.0
step: 44200 train_accuracy: 1.0
step: 44300 train_accuracy: 1.0
step: 44400 train_accuracy: 0.875
step: 44500 train_accuracy: 1.0
step: 44600 train_accuracy: 1.0
step: 44700 train_accuracy: 0.875
step: 44800 train_accuracy: 1.0
step: 44900 train_accuracy: 0.875
step: 45000 train_accuracy: 1.0
step: 45100 train_accuracy: 1.0
step: 45200 train_accuracy: 1.0
step: 45300 train_accuracy: 1.0
step: 45400 train_accuracy: 1.0
step: 45500 train_accuracy: 1.0
step: 45600 train_accuracy: 1.0
step: 45700 train_accuracy: 1.0
step: 45800 train_accuracy: 1.0
step: 45900 train_accuracy: 1.0
step: 46000 train_accuracy: 1.0
step: 46100 train_accuracy: 1.0
step: 46200 train_accuracy: 1.0
step: 46300 train_accuracy: 1.0
step: 46400 train_accuracy: 1.0
step: 46500 train_accuracy: 1.0
step: 46600 train_accuracy: 1.0
step: 46700 train_accuracy: 1.0
step: 46800 train_accuracy: 1.0
step: 46900 train_accuracy: 1.0
step: 47000 train_accuracy: 1.0
step: 47100 train_accuracy: 1.0
step: 47200 train_accuracy: 1.0
step: 47300 train_accuracy: 1.0
step: 47400 train_accuracy: 1.0
step: 47500 train_accuracy: 1.0
step: 47600 train_accuracy: 1.0
step: 47700 train_accuracy: 1.0
step: 47800 train_accuracy: 1.0
step: 47900 train_accuracy: 1.0
step: 48000 train_accuracy: 1.0
step: 48100 train_accuracy: 1.0
step: 48200 train_accuracy: 1.0
step: 48300 train_accuracy: 1.0
step: 48400 train_accuracy: 1.0
step: 48500 train_accuracy: 1.0
step: 48600 train_accuracy: 1.0
step: 48700 train_accuracy: 1.0
step: 48800 train_accuracy: 1.0
step: 48900 train_accuracy: 1.0
step: 49000 train_accuracy: 1.0
step: 49100 train_accuracy: 1.0
step: 49200 train_accuracy: 1.0
step: 49300 train_accuracy: 1.0
step: 49400 train_accuracy: 1.0
step: 49500 train_accuracy: 1.0
